# JRE version: OpenJDK Runtime Environment (8.0_372-b07) (build 1.8.0_372-b07)
# Java VM: OpenJDK 64-Bit Server VM (25.372-b07 mixed mode windows-amd64 compressed oops)
Heap:
 PSYoungGen      total 212992K, used 55335K [0x000000076af00000, 0x000000077d080000, 0x00000007c0000000)
  eden space 193536K, 28% used [0x000000076af00000,0x000000076e509cd0,0x0000000776c00000)
  from space 19456K, 0% used [0x0000000776c00000,0x0000000776c00000,0x0000000777f00000)
  to   space 20992K, 0% used [0x000000077bc00000,0x000000077bc00000,0x000000077d080000)
 ParOldGen       total 150528K, used 45620K [0x00000006c0c00000, 0x00000006c9f00000, 0x000000076af00000)
  object space 150528K, 30% used [0x00000006c0c00000,0x00000006c388d218,0x00000006c9f00000)
 Metaspace       used 56150K, capacity 60674K, committed 60800K, reserved 1101824K
  class space    used 8160K, capacity 9034K, committed 9088K, reserved 1048576K
GC Heap History (10 events):
Event: 10.105 GC heap before
{Heap before GC invocations=10 (full 2):
 PSYoungGen      total 114176K, used 100864K [0x000000076af00000, 0x0000000776e00000, 0x00000007c0000000)
  eden space 100864K, 100% used [0x000000076af00000,0x0000000771180000,0x0000000771180000)
  from space 13312K, 0% used [0x0000000771180000,0x0000000771180000,0x0000000771e80000)
  to   space 12800K, 0% used [0x0000000776180000,0x0000000776180000,0x0000000776e00000)
 ParOldGen       total 150528K, used 15031K [0x00000006c0c00000, 0x00000006c9f00000, 0x000000076af00000)
  object space 150528K, 9% used [0x00000006c0c00000,0x00000006c1aadeb0,0x00000006c9f00000)
 Metaspace       used 39015K, capacity 40834K, committed 41088K, reserved 1085440K
  class space    used 5465K, capacity 5909K, committed 6016K, reserved 1048576K
Event: 10.114 GC heap after
Heap after GC invocations=10 (full 2):
 PSYoungGen      total 160256K, used 8298K [0x000000076af00000, 0x0000000776a00000, 0x00000007c0000000)
  eden space 151552K, 0% used [0x000000076af00000,0x000000076af00000,0x0000000774300000)
  from space 8704K, 95% used [0x0000000776180000,0x000000077699a908,0x0000000776a00000)
  to   space 12288K, 0% used [0x0000000775200000,0x0000000775200000,0x0000000775e00000)
 ParOldGen       total 150528K, used 15031K [0x00000006c0c00000, 0x00000006c9f00000, 0x000000076af00000)
  object space 150528K, 9% used [0x00000006c0c00000,0x00000006c1aadeb0,0x00000006c9f00000)
 Metaspace       used 39015K, capacity 40834K, committed 41088K, reserved 1085440K
  class space    used 5465K, capacity 5909K, committed 6016K, reserved 1048576K
}
Event: 11.534 GC heap before
{Heap before GC invocations=11 (full 2):
 PSYoungGen      total 160256K, used 159850K [0x000000076af00000, 0x0000000776a00000, 0x00000007c0000000)
  eden space 151552K, 100% used [0x000000076af00000,0x0000000774300000,0x0000000774300000)
  from space 8704K, 95% used [0x0000000776180000,0x000000077699a908,0x0000000776a00000)
  to   space 12288K, 0% used [0x0000000775200000,0x0000000775200000,0x0000000775e00000)
 ParOldGen       total 150528K, used 15031K [0x00000006c0c00000, 0x00000006c9f00000, 0x000000076af00000)
  object space 150528K, 9% used [0x00000006c0c00000,0x00000006c1aadeb0,0x00000006c9f00000)
 Metaspace       used 45801K, capacity 48522K, committed 48768K, reserved 1091584K
  class space    used 6614K, capacity 7208K, committed 7296K, reserved 1048576K
Event: 11.555 GC heap after
Heap after GC invocations=11 (full 2):
 PSYoungGen      total 179200K, used 12256K [0x000000076af00000, 0x0000000778d80000, 0x00000007c0000000)
  eden space 166912K, 0% used [0x000000076af00000,0x000000076af00000,0x0000000775200000)
  from space 12288K, 99% used [0x0000000775200000,0x0000000775df81b8,0x0000000775e00000)
  to   space 14848K, 0% used [0x0000000777f00000,0x0000000777f00000,0x0000000778d80000)
 ParOldGen       total 150528K, used 17994K [0x00000006c0c00000, 0x00000006c9f00000, 0x000000076af00000)
  object space 150528K, 11% used [0x00000006c0c00000,0x00000006c1d92830,0x00000006c9f00000)
 Metaspace       used 45801K, capacity 48522K, committed 48768K, reserved 1091584K
  class space    used 6614K, capacity 7208K, committed 7296K, reserved 1048576K
}
Event: 13.027 GC heap before
{Heap before GC invocations=12 (full 2):
 PSYoungGen      total 179200K, used 179168K [0x000000076af00000, 0x0000000778d80000, 0x00000007c0000000)
  eden space 166912K, 100% used [0x000000076af00000,0x0000000775200000,0x0000000775200000)
  from space 12288K, 99% used [0x0000000775200000,0x0000000775df81b8,0x0000000775e00000)
  to   space 14848K, 0% used [0x0000000777f00000,0x0000000777f00000,0x0000000778d80000)
 ParOldGen       total 150528K, used 17994K [0x00000006c0c00000, 0x00000006c9f00000, 0x000000076af00000)
  object space 150528K, 11% used [0x00000006c0c00000,0x00000006c1d92830,0x00000006c9f00000)
 Metaspace       used 48480K, capacity 51634K, committed 51840K, reserved 1093632K
  class space    used 7026K, capacity 7709K, committed 7808K, reserved 1048576K
Event: 13.064 GC heap after
Heap after GC invocations=12 (full 2):
 PSYoungGen      total 208384K, used 14824K [0x000000076af00000, 0x000000077ae80000, 0x00000007c0000000)
  eden space 193536K, 0% used [0x000000076af00000,0x000000076af00000,0x0000000776c00000)
  from space 14848K, 99% used [0x0000000777f00000,0x0000000778d7a138,0x0000000778d80000)
  to   space 19456K, 0% used [0x0000000776c00000,0x0000000776c00000,0x0000000777f00000)
 ParOldGen       total 150528K, used 26024K [0x00000006c0c00000, 0x00000006c9f00000, 0x000000076af00000)
  object space 150528K, 17% used [0x00000006c0c00000,0x00000006c256a220,0x00000006c9f00000)
 Metaspace       used 48480K, capacity 51634K, committed 51840K, reserved 1093632K
  class space    used 7026K, capacity 7709K, committed 7808K, reserved 1048576K
}
Event: 16.828 GC heap before
{Heap before GC invocations=13 (full 2):
 PSYoungGen      total 208384K, used 143714K [0x000000076af00000, 0x000000077ae80000, 0x00000007c0000000)
  eden space 193536K, 66% used [0x000000076af00000,0x0000000772cde9f0,0x0000000776c00000)
  from space 14848K, 99% used [0x0000000777f00000,0x0000000778d7a138,0x0000000778d80000)
  to   space 19456K, 0% used [0x0000000776c00000,0x0000000776c00000,0x0000000777f00000)
 ParOldGen       total 150528K, used 26024K [0x00000006c0c00000, 0x00000006c9f00000, 0x000000076af00000)
  object space 150528K, 17% used [0x00000006c0c00000,0x00000006c256a220,0x00000006c9f00000)
 Metaspace       used 54937K, capacity 59012K, committed 59096K, reserved 1099776K
  class space    used 8003K, capacity 8805K, committed 8832K, reserved 1048576K
Event: 16.860 GC heap after
Heap after GC invocations=13 (full 2):
 PSYoungGen      total 212992K, used 17682K [0x000000076af00000, 0x000000077d080000, 0x00000007c0000000)
  eden space 193536K, 0% used [0x000000076af00000,0x000000076af00000,0x0000000776c00000)
  from space 19456K, 90% used [0x0000000776c00000,0x0000000777d44ac0,0x0000000777f00000)
  to   space 20992K, 0% used [0x000000077bc00000,0x000000077bc00000,0x000000077d080000)
 ParOldGen       total 150528K, used 33437K [0x00000006c0c00000, 0x00000006c9f00000, 0x000000076af00000)
  object space 150528K, 22% used [0x00000006c0c00000,0x00000006c2ca7478,0x00000006c9f00000)
 Metaspace       used 54937K, capacity 59012K, committed 59096K, reserved 1099776K
  class space    used 8003K, capacity 8805K, committed 8832K, reserved 1048576K
}
Event: 16.860 GC heap before
{Heap before GC invocations=14 (full 3):
 PSYoungGen      total 212992K, used 17682K [0x000000076af00000, 0x000000077d080000, 0x00000007c0000000)
  eden space 193536K, 0% used [0x000000076af00000,0x000000076af00000,0x0000000776c00000)
  from space 19456K, 90% used [0x0000000776c00000,0x0000000777d44ac0,0x0000000777f00000)
  to   space 20992K, 0% used [0x000000077bc00000,0x000000077bc00000,0x000000077d080000)
 ParOldGen       total 150528K, used 33437K [0x00000006c0c00000, 0x00000006c9f00000, 0x000000076af00000)
  object space 150528K, 22% used [0x00000006c0c00000,0x00000006c2ca7478,0x00000006c9f00000)
 Metaspace       used 54937K, capacity 59012K, committed 59096K, reserved 1099776K
  class space    used 8003K, capacity 8805K, committed 8832K, reserved 1048576K
Event: 17.085 GC heap after
Heap after GC invocations=14 (full 3):
 PSYoungGen      total 212992K, used 0K [0x000000076af00000, 0x000000077d080000, 0x00000007c0000000)
  eden space 193536K, 0% used [0x000000076af00000,0x000000076af00000,0x0000000776c00000)
  from space 19456K, 0% used [0x0000000776c00000,0x0000000776c00000,0x0000000777f00000)
  to   space 20992K, 0% used [0x000000077bc00000,0x000000077bc00000,0x000000077d080000)
 ParOldGen       total 150528K, used 45620K [0x00000006c0c00000, 0x00000006c9f00000, 0x000000076af00000)
  object space 150528K, 30% used [0x00000006c0c00000,0x00000006c388d218,0x00000006c9f00000)
 Metaspace       used 54905K, capacity 58904K, committed 59096K, reserved 1099776K
  class space    used 7993K, capacity 8787K, committed 8832K, reserved 1048576K
}

